<?xml version="1.0" encoding="UTF-8"?>
<testsuites>
  <testsuite name="CodeIgniter Application Test Suite" tests="7" assertions="6" failures="0" errors="0" time="0.829755">
    <testsuite name="Leden_test" file="E:\XAMPP3\htdocs\www\fwCiApp\application\tests\controllers\Leden_test.php" fullPackage="Leden" tests="5" assertions="4" failures="0" errors="0" time="0.540941">
      <testcase name="test_CheckAntwoord" class="Leden_test" file="E:\XAMPP3\htdocs\www\fwCiApp\application\tests\controllers\Leden_test.php" line="17" assertions="1" time="0.167070"/>
      <testcase name="test_CheckIdTrue" class="Leden_test" file="E:\XAMPP3\htdocs\www\fwCiApp\application\tests\controllers\Leden_test.php" line="22" assertions="1" time="0.025435"/>
      <testcase name="test_CheckIdFalse" class="Leden_test" file="E:\XAMPP3\htdocs\www\fwCiApp\application\tests\controllers\Leden_test.php" line="28" assertions="1" time="0.157169"/>
      <testcase name="test_UpdateBardienst" class="Leden_test" file="E:\XAMPP3\htdocs\www\fwCiApp\application\tests\controllers\Leden_test.php" line="33" assertions="1" time="0.184988"/>
      <testcase name="test_retrieve_db" class="Leden_test" file="E:\XAMPP3\htdocs\www\fwCiApp\application\tests\controllers\Leden_test.php" line="40" assertions="0" time="0.006279"/>
    </testsuite>
    <testsuite name="Welcome_test" file="E:\XAMPP3\htdocs\www\fwCiApp\application\tests\controllers\Welcome_test.php" fullPackage="Welcome" tests="2" assertions="2" failures="0" errors="0" time="0.288814">
      <testcase name="test_index" class="Welcome_test" file="E:\XAMPP3\htdocs\www\fwCiApp\application\tests\controllers\Welcome_test.php" line="13" assertions="1" time="0.167829"/>
      <testcase name="test_method_404" class="Welcome_test" file="E:\XAMPP3\htdocs\www\fwCiApp\application\tests\controllers\Welcome_test.php" line="18" assertions="1" time="0.120985"/>
    </testsuite>
  </testsuite>
</testsuites>
